IMPOSIBLE
3311
37 0 2 0 0
0 2 19 0 0
IMPOSIBLE
22
9 2
229 0
0
89 0
89 0
362
4 28 0
0 88 2
IMPOSIBLE
IMPOSIBLE
1456
16 18 0 0
0 338 0 0
570
0 7 0 3
0 1 1 1
IMPOSIBLE
0
0 0 7 2 0
0 0 7 2 0
216
263 0
8 3
709
0 5 4
1 8 0
1452
44 6 0
0 358 0
2133
0 1 0 54 0
0 1 0 11 1
IMPOSIBLE
1102
0 0 13 19 0
2 0 37 0 0
1138
0 8 1 0 0
0 0 47 0 2
188
276 0
24 2
596
0 22 0 5
1 165 0 0
IMPOSIBLE
2793
0 0 1 0 32
1 0 5 0 0
IMPOSIBLE
IMPOSIBLE
309
33 3
192 0
IMPOSIBLE
0
70 0
70 0
1201
5 0 7 0 0
0 1 3 0 1
0
85 0
85 0
IMPOSIBLE
0
0 85 0 0
0 85 0 0
IMPOSIBLE
448
0 4 63 0 0
2 0 83 0 0
44
209 0
84 1
IMPOSIBLE
419
0 60 0 3
1 80 0 0
1042
0 0 0 6 3
1 0 5 0 0
142
0 320 0 0
1 41 1 0
0
1 1 3 0
1 1 3 0
48
45 2
371 0
IMPOSIBLE
7383
86 0 0 1
4 0 2 0
220
1 0 0 4 0 0 2
3 0 0 1 0 0 0
0
0 96 0 0
0 96 0 0
IMPOSIBLE
1623
9 0 0 8 0 0 0
0 0 0 47 2 0 0
2198
0 0 0 0 0 0 0 0 2 11 0
0 0 0 2 0 0 1 0 0 0 0
284
0 0 17 0 2 0
0 0 57 0 0 0
442
20 7 0 0
0 33 0 1
517
3 0 0 0 0 0 0 4 0 0 0
0 0 1 0 0 0 0 1 0 0 0
403
0 0 0 0 52 0 3 0 0
0 0 0 0 87 1 0 0 0
439
0 0 3 0 20 0 0 0 0
1 0 0 0 14 0 0 0 0
2274
15 0 0 0 0 0 0 0 0 0
0 0 1 0 4 0 0 2 0 0
30246
0 0 0 0 0 0 156 0 0 0 0
0 0 0 1 0 0 0 2 0 0 0
1465
0 1 0 17
0 1 1 6
IMPOSIBLE
476
0 0 36 0 0 3
1 1 10 0 0 0
2626
0 2 30 0
1 21 0 1
3025
0 0 0 1 0 0 25 0
0 1 1 0 0 0 1 1
303
3 1 0 0 0 0 3 0
5 0 1 0 0 0 0 0
363
0 0 0 3 29 0 0 0 0
0 0 0 0 26 0 1 0 0
377
0 3 24 0 0
1 0 33 0 0
434
0 0 0 0 6 0 3 0 0 1
0 0 0 0 22 1 0 0 1 0
1056
0 0 0 0 3 0 1 0 0 3
3 0 0 0 0 0 0 0 0 0
269
0 0 0 0 2 0 0 3 0
0 0 0 0 0 1 0 3 0
149
6 0 2 0 0 0
0 1 2 0 2 0
1675
0 0 8 1 4 0 0
0 3 0 0 0 0 0
0
0 0 0 20 0 0 0 0
0 0 0 20 0 0 0 0
